[2022-11-11T11:36:20.395] [INFO] access - path: /admin/ | method: GET | user-agent: PostmanRuntime/7.29.2
[2022-11-11T11:36:38.952] [INFO] access - path: /admin/ | method: GET | user-agent: PostmanRuntime/7.29.2
[2022-11-11T11:38:22.872] [INFO] access - path: /admin/ | method: GET | user-agent: PostmanRuntime/7.29.2
[2022-11-11T11:39:04.821] [INFO] access - path: /admin/ | method: GET | user-agent: PostmanRuntime/7.29.2
[2022-11-11T11:39:51.743] [INFO] access - path: /admin/ | method: GET | user-agent: PostmanRuntime/7.29.2
[2022-11-11T11:39:52.854] [INFO] access - path: /admin/ | method: GET | user-agent: PostmanRuntime/7.29.2
[2022-11-11T11:40:21.306] [INFO] access - path: /admin/ | method: GET | user-agent: PostmanRuntime/7.29.2
[2022-11-11T11:40:22.869] [INFO] access - path: /admin/ | method: GET | user-agent: PostmanRuntime/7.29.2
[2022-11-11T11:40:24.115] [INFO] access - path: /admin/ | method: GET | user-agent: PostmanRuntime/7.29.2
[2022-11-11T11:40:25.326] [INFO] access - path: /admin/ | method: GET | user-agent: PostmanRuntime/7.29.2
[2022-11-11T11:41:13.769] [INFO] access - path: /admin/ | method: GET | user-agent: PostmanRuntime/7.29.2
[2022-11-11T11:41:15.219] [INFO] access - path: /admin/ | method: GET | user-agent: PostmanRuntime/7.29.2
[2022-11-11T11:42:26.930] [INFO] access - path: /admin/ | method: GET | user-agent: PostmanRuntime/7.29.2
[2022-11-11T11:42:41.818] [INFO] access - path: /admin/ | method: GET | user-agent: PostmanRuntime/7.29.2
[2022-11-11T11:43:14.520] [INFO] access - path: /admin/login | method: GET | user-agent: PostmanRuntime/7.29.2
[2022-11-11T11:43:20.432] [INFO] access - path: /admin/ | method: GET | user-agent: PostmanRuntime/7.29.2
[2022-11-11T11:44:45.905] [INFO] access - path: /admin/ | method: GET | user-agent: PostmanRuntime/7.29.2
[2022-11-11T11:45:29.826] [INFO] access - path: /admin/ | method: GET | user-agent: PostmanRuntime/7.29.2
[2022-11-11T11:45:35.429] [INFO] access - path: /admin/ | method: GET | user-agent: PostmanRuntime/7.29.2
[2022-11-11T11:50:22.934] [INFO] access - path: /admin/ | method: GET | user-agent: PostmanRuntime/7.29.2
[2022-11-11T11:51:37.607] [INFO] access - path: /admin/ | method: GET | user-agent: PostmanRuntime/7.29.2
[2022-11-11T11:57:24.958] [INFO] access - path: /admin/ | method: GET | user-agent: PostmanRuntime/7.29.2
[2022-11-11T11:57:28.339] [INFO] access - path: /admin/ | method: GET | user-agent: PostmanRuntime/7.29.2
[2022-11-11T11:59:00.720] [INFO] access - path: /admin/ | method: GET | user-agent: PostmanRuntime/7.29.2
[2022-11-11T11:59:52.845] [INFO] access - path: /admin/ | method: GET | user-agent: PostmanRuntime/7.29.2
[2022-11-11T11:59:54.148] [INFO] access - path: /admin/ | method: GET | user-agent: PostmanRuntime/7.29.2
[2022-11-11T11:59:55.164] [INFO] access - path: /admin/ | method: GET | user-agent: PostmanRuntime/7.29.2
[2022-11-11T11:59:56.052] [INFO] access - path: /admin/ | method: GET | user-agent: PostmanRuntime/7.29.2
[2022-11-11T12:00:07.375] [INFO] access - path: /admin/ | method: GET | user-agent: PostmanRuntime/7.29.2
[2022-11-11T12:00:08.411] [INFO] access - path: /admin/ | method: GET | user-agent: PostmanRuntime/7.29.2
[2022-11-11T12:00:09.367] [INFO] access - path: /admin/ | method: GET | user-agent: PostmanRuntime/7.29.2
[2022-11-11T12:00:10.398] [INFO] access - path: /admin/ | method: GET | user-agent: PostmanRuntime/7.29.2
[2022-11-11T12:00:23.957] [INFO] access - path: /admin/ | method: GET | user-agent: PostmanRuntime/7.29.2
[2022-11-11T12:00:25.773] [INFO] access - path: /admin/ | method: GET | user-agent: PostmanRuntime/7.29.2
[2022-11-11T12:00:38.781] [INFO] access - path: /admin/ | method: GET | user-agent: PostmanRuntime/7.29.2
[2022-11-11T12:00:40.045] [INFO] access - path: /admin/ | method: GET | user-agent: PostmanRuntime/7.29.2
[2022-11-11T12:01:11.881] [INFO] access - path: /admin/ | method: GET | user-agent: PostmanRuntime/7.29.2
[2022-11-11T12:01:13.296] [INFO] access - path: /admin/ | method: GET | user-agent: PostmanRuntime/7.29.2
[2022-11-11T12:03:27.395] [INFO] access - path: /admin/ | method: GET | user-agent: PostmanRuntime/7.29.2
[2022-11-11T12:04:16.806] [INFO] access - path: /admin/ | method: GET | user-agent: PostmanRuntime/7.29.2
[2022-11-11T12:10:33.225] [INFO] access - path: /admin/login | method: GET | user-agent: PostmanRuntime/7.29.2
[2022-11-11T12:10:44.226] [INFO] access - path: /admin/login | method: GET | user-agent: PostmanRuntime/7.29.2
[2022-11-11T12:10:55.957] [INFO] access - path: /admin/ | method: GET | user-agent: PostmanRuntime/7.29.2
[2022-11-11T12:15:03.751] [INFO] access - path: /admin/ | method: GET | user-agent: PostmanRuntime/7.29.2
[2022-11-11T12:15:17.463] [INFO] access - path: /admin/login | method: GET | user-agent: PostmanRuntime/7.29.2
[2022-11-11T12:34:42.011] [INFO] access - path: /admin/login | method: GET | user-agent: PostmanRuntime/7.29.2
[2022-11-11T14:34:43.277] [INFO] access - path: /admin/ | method: GET | user-agent: PostmanRuntime/7.29.2
[2022-11-11T14:35:37.713] [INFO] access - path: /admin/ | method: GET | user-agent: PostmanRuntime/7.29.2
[2022-11-11T14:37:36.936] [INFO] access - path: /admin/ | method: GET | user-agent: PostmanRuntime/7.29.2
[2022-11-11T15:20:54.309] [INFO] access - path: /admin/login | method: GET | user-agent: PostmanRuntime/7.29.2
[2022-11-11T15:21:08.385] [INFO] access - path: /admin/login | method: POST | user-agent: PostmanRuntime/7.29.2
[2022-11-11T15:22:36.904] [INFO] access - path: /admin/login | method: POST | user-agent: PostmanRuntime/7.29.2
[2022-11-11T15:29:01.724] [INFO] access - path: /admin/login | method: POST | user-agent: PostmanRuntime/7.29.2
[2022-11-11T15:33:19.878] [INFO] access - path: /admin/login | method: POST | user-agent: PostmanRuntime/7.29.2
[2022-11-11T15:34:49.595] [INFO] access - path: /admin/login | method: POST | user-agent: PostmanRuntime/7.29.2
[2022-11-11T15:34:50.580] [INFO] access - path: /admin/login | method: POST | user-agent: PostmanRuntime/7.29.2
[2022-11-11T15:35:13.755] [INFO] access - path: /admin/login | method: POST | user-agent: PostmanRuntime/7.29.2
[2022-11-11T15:35:14.957] [INFO] access - path: /admin/login | method: POST | user-agent: PostmanRuntime/7.29.2
[2022-11-11T15:36:02.139] [INFO] access - path: /admin/login | method: POST | user-agent: PostmanRuntime/7.29.2
[2022-11-11T15:36:03.151] [INFO] access - path: /admin/login | method: POST | user-agent: PostmanRuntime/7.29.2
[2022-11-11T15:37:04.426] [INFO] access - path: /admin/login | method: POST | user-agent: PostmanRuntime/7.29.2
[2022-11-11T15:37:05.826] [INFO] access - path: /admin/login | method: POST | user-agent: PostmanRuntime/7.29.2
[2022-11-11T15:46:11.482] [INFO] access - path: /admin/login | method: POST | user-agent: PostmanRuntime/7.29.2
[2022-11-11T15:46:57.657] [INFO] access - path: /admin/login | method: POST | user-agent: PostmanRuntime/7.29.2
[2022-11-11T15:50:12.031] [INFO] access - path: /admin/login | method: POST | user-agent: PostmanRuntime/7.29.2
[2022-11-11T15:50:38.268] [INFO] access - path: /admin/login | method: POST | user-agent: PostmanRuntime/7.29.2
[2022-11-11T15:50:39.234] [INFO] access - path: /admin/login | method: POST | user-agent: PostmanRuntime/7.29.2
[2022-11-11T15:51:14.558] [INFO] access - path: /admin/login | method: POST | user-agent: PostmanRuntime/7.29.2
[2022-11-11T15:54:33.508] [INFO] access - path: /admin/login | method: POST | user-agent: PostmanRuntime/7.29.2
[2022-11-11T16:21:14.493] [INFO] access - path: /admin/login | method: POST | user-agent: PostmanRuntime/7.29.2
[2022-11-11T16:21:18.527] [INFO] access - path: /admin/login | method: POST | user-agent: PostmanRuntime/7.29.2
[2022-11-11T16:24:54.633] [INFO] access - path: /admin/login | method: POST | user-agent: PostmanRuntime/7.29.2
[2022-11-11T16:44:12.159] [INFO] access - path: /admin/login | method: POST | user-agent: PostmanRuntime/7.29.2
[2022-11-11T16:44:29.816] [INFO] access - path: /admin/upload | method: POST | user-agent: PostmanRuntime/7.29.2
[2022-11-11T16:45:42.098] [INFO] access - path: /admin/upload | method: POST | user-agent: PostmanRuntime/7.29.2
[2022-11-11T16:46:03.184] [INFO] access - path: /admin/upload | method: POST | user-agent: PostmanRuntime/7.29.2
[2022-11-11T16:46:04.952] [INFO] access - path: /admin/upload | method: POST | user-agent: PostmanRuntime/7.29.2
[2022-11-11T16:49:13.105] [INFO] access - path: /admin/upload | method: POST | user-agent: PostmanRuntime/7.29.2
[2022-11-11T16:50:18.891] [INFO] access - path: /admin/upload | method: POST | user-agent: PostmanRuntime/7.29.2
[2022-11-11T16:54:44.325] [INFO] access - path: /admin/uploadFile | method: POST | user-agent: PostmanRuntime/7.29.2
[2022-11-11T16:55:49.658] [INFO] access - path: /admin/uploadFile | method: POST | user-agent: PostmanRuntime/7.29.2
[2022-11-11T16:55:51.002] [INFO] access - path: /admin/uploadFile | method: POST | user-agent: PostmanRuntime/7.29.2
[2022-11-11T16:58:23.149] [INFO] access - path: /admin/uploadFile | method: POST | user-agent: PostmanRuntime/7.29.2
[2022-11-11T17:10:55.988] [INFO] access - path: /admin/uploadFile | method: POST | user-agent: PostmanRuntime/7.29.2
[2022-11-11T17:11:35.334] [INFO] access - path: /admin/uploadFile | method: POST | user-agent: PostmanRuntime/7.29.2
[2022-11-11T17:12:10.925] [INFO] access - path: /admin/uploadFile | method: POST | user-agent: PostmanRuntime/7.29.2
[2022-11-11T17:13:53.009] [INFO] access - path: /admin/uploadFile | method: POST | user-agent: PostmanRuntime/7.29.2
[2022-11-11T17:14:19.616] [INFO] access - path: /admin/uploadFile | method: POST | user-agent: PostmanRuntime/7.29.2
[2022-11-11T17:16:09.550] [INFO] access - path: /admin/uploadFile | method: POST | user-agent: PostmanRuntime/7.29.2
[2022-11-11T17:16:41.008] [INFO] access - path: /admin/uploadFile | method: POST | user-agent: PostmanRuntime/7.29.2
[2022-11-11T17:20:08.759] [INFO] access - path: /admin/uploadFile | method: POST | user-agent: PostmanRuntime/7.29.2
[2022-11-11T17:29:38.276] [INFO] access - path: /admin/uploadFile | method: POST | user-agent: PostmanRuntime/7.29.2
[2022-11-11T17:39:48.617] [INFO] access - path: /admin/uploadFile | method: POST | user-agent: PostmanRuntime/7.29.2
[2022-11-11T17:40:15.840] [INFO] access - path: /admin/uploadFile | method: POST | user-agent: PostmanRuntime/7.29.2
[2022-11-11T17:41:19.188] [INFO] access - path: /admin/uploadFile | method: POST | user-agent: PostmanRuntime/7.29.2
[2022-11-11T17:43:48.297] [INFO] access - path: /admin/uploadFile | method: POST | user-agent: PostmanRuntime/7.29.2
