GET -- /api/blog/list?author=%E5%BC%A0%E4%B8%89 -- PostmanRuntime/7.29.2 -- 1669602166314
GET -- /api/blog/list?title=%E5%89%8D%E7%AB%AF -- PostmanRuntime/7.29.2 -- 1669606149363
GET -- /api/blog/list?title=%E5%89%8D%E7%AB%AF -- PostmanRuntime/7.29.2 -- 1669606179108
GET -- /api/blog/list?title=%E5%89%8D%E7%AB%AF -- PostmanRuntime/7.29.2 -- 1669606209260
GET -- /api/blog/list?title=%E5%89%8D%E7%AB%AF -- PostmanRuntime/7.29.2 -- 1669606232002
GET -- /api/blog/list?title=%E5%89%8D%E7%AB%AF -- PostmanRuntime/7.29.2 -- 1669606260907
GET -- /api/blog/list?title=%E5%89%8D%E7%AB%AF -- PostmanRuntime/7.29.2 -- 1669606318472
GET -- /api/blog/list?title=%E5%89%8D%E7%AB%AF -- PostmanRuntime/7.29.2 -- 1669606332527
GET -- /api/blog/list?keyword=axios -- PostmanRuntime/7.29.2 -- 1669606365395
GET -- /api/blog/list?keyword=axios -- PostmanRuntime/7.29.2 -- 1669606410594
GET -- /api/blog/list?author=%E5%BC%A0%E4%B8%89 -- PostmanRuntime/7.29.2 -- 1669606464404
GET -- /api/blog/list?keyword=axios -- PostmanRuntime/7.29.2 -- 1669606506163
GET -- /api/blog/list?keyword=axios -- PostmanRuntime/7.29.2 -- 1669606538479
GET -- /api/blog/list?keyword=axios -- PostmanRuntime/7.29.2 -- 1669606567874
GET -- /api/blog/list?keyword=axios -- PostmanRuntime/7.29.2 -- 1669606637039
GET -- /api/blog/list?keyword=axios -- PostmanRuntime/7.29.2 -- 1669606817446
GET -- /api/blog/list?keyword=axios -- PostmanRuntime/7.29.2 -- 1669606853148
GET -- /api/blog/list?keyword=axios -- PostmanRuntime/7.29.2 -- 1669606902460
GET -- /api/blog/list?keyword=axios -- PostmanRuntime/7.29.2 -- 1669606920941
GET -- /api/blog/list?keyword=axios -- PostmanRuntime/7.29.2 -- 1669606951402
GET -- /api/blog/list?keyword=axios -- PostmanRuntime/7.29.2 -- 1669606964898
GET -- /api/blog/list?author=%E5%BC%A0%E4%B8%89 -- PostmanRuntime/7.29.2 -- 1669606990086
GET -- /api/blog/list?author=%E5%BC%A0%E4%B8%89 -- PostmanRuntime/7.29.2 -- 1669607051741
GET -- /api/blog/list?keyword=axios&author=%E5%BC%A0%E4%B8%89 -- PostmanRuntime/7.29.2 -- 1669607306427
GET -- /api/blog/list?keyword=axios -- PostmanRuntime/7.29.2 -- 1669607321090
GET -- /api/blog/list?keyword=axios -- PostmanRuntime/7.29.2 -- 1669607346816
GET -- /api/blog/list?author=%E5%BC%A0%E4%B8%89 -- PostmanRuntime/7.29.2 -- 1669607356636
GET -- /api/blog/list?author=%E5%BC%A0%E4%B8%89 -- PostmanRuntime/7.29.2 -- 1669608456209
GET -- /api/blog/list?author=%E5%BC%A0%E4%B8%89 -- PostmanRuntime/7.29.2 -- 1669608525639
GET -- /api/blog/list?author=%E5%BC%A0%E4%B8%89 -- PostmanRuntime/7.29.2 -- 1669608774795
GET -- /api/blog/list?author=%E5%BC%A0%E4%B8%89 -- PostmanRuntime/7.29.2 -- 1669608815387
GET -- /api/blog/list?author=%E5%BC%A0%E4%B8%89 -- PostmanRuntime/7.29.2 -- 1669608875152
GET -- /api/blog/list?author=%E5%BC%A0%E4%B8%89 -- PostmanRuntime/7.29.2 -- 1669608947800
GET -- /api/blog/list?author=%E5%BC%A0%E4%B8%89 -- PostmanRuntime/7.29.2 -- 1669609004338
POST -- /api/user/login -- PostmanRuntime/7.29.2 -- 1669615509724
POST -- /api/user/register -- PostmanRuntime/7.29.2 -- 1669615527669
POST -- /api/user/register -- PostmanRuntime/7.29.2 -- 1669615628077
POST -- /api/user/register -- PostmanRuntime/7.29.2 -- 1669615718871
POST -- /api/user/register -- PostmanRuntime/7.29.2 -- 1669615767529
POST -- /api/user/register -- PostmanRuntime/7.29.2 -- 1669615809957
POST -- /api/user/register -- PostmanRuntime/7.29.2 -- 1669615824028
POST -- /api/user/register -- PostmanRuntime/7.29.2 -- 1669615910771
POST -- /api/user/register -- PostmanRuntime/7.29.2 -- 1669615926817
POST -- /api/user/register -- PostmanRuntime/7.29.2 -- 1669615954348
POST -- /api/user/register -- PostmanRuntime/7.29.2 -- 1669615964259
POST -- /api/user/register -- PostmanRuntime/7.29.2 -- 1669617071504
POST -- /api/user/register -- PostmanRuntime/7.29.2 -- 1669617697208
POST -- /api/user/register -- PostmanRuntime/7.29.2 -- 1669617728199
POST -- /api/user/register -- PostmanRuntime/7.29.2 -- 1669617862318
GET -- /api/blog/detail?id=2 -- PostmanRuntime/7.29.2 -- 1669618204736
GET -- /api/blog/list?keyword=axios -- PostmanRuntime/7.29.2 -- 1669618215127
GET -- /api/blog/list?keyword=axios -- PostmanRuntime/7.29.2 -- 1669618261826
GET -- /api/blog/list?keyword=axios -- PostmanRuntime/7.29.2 -- 1669618284190
GET -- /api/blog/list?keyword=axios -- PostmanRuntime/7.29.2 -- 1669618298308
GET -- /api/blog/list?author=%E5%BC%A0%E4%B8%89 -- PostmanRuntime/7.29.2 -- 1669618305243
GET -- /api/blog/list?keyword=blg -- PostmanRuntime/7.29.2 -- 1669618329549
GET -- /api/blog/list?keyword=blg -- PostmanRuntime/7.29.2 -- 1669618359096
